150525 22:21:47 [Note] Plugin 'FEDERATED' is disabled.
150525 22:21:47 InnoDB: The InnoDB memory heap is disabled
150525 22:21:47 InnoDB: Mutexes and rw_locks use Windows interlocked functions
150525 22:21:47 InnoDB: Compressed tables use zlib 1.2.3
150525 22:21:47 InnoDB: Initializing buffer pool, size = 20.0M
150525 22:21:47 InnoDB: Completed initialization of buffer pool
InnoDB: The first specified data file c:\openserver\userdata\MySQL-5.5\ibdata1 did not exist:
InnoDB: a new database to be created!
150525 22:21:47  InnoDB: Setting file c:\openserver\userdata\MySQL-5.5\ibdata1 size to 10 MB
InnoDB: Database physically writes the file full: wait...
150525 22:21:48  InnoDB: Log file .\ib_logfile0 did not exist: new to be created
InnoDB: Setting log file .\ib_logfile0 size to 64 MB
InnoDB: Database physically writes the file full: wait...
150525 22:21:49  InnoDB: Log file .\ib_logfile1 did not exist: new to be created
InnoDB: Setting log file .\ib_logfile1 size to 64 MB
InnoDB: Database physically writes the file full: wait...
InnoDB: Doublewrite buffer not found: creating new
InnoDB: Doublewrite buffer created
InnoDB: 127 rollback segment(s) active.
InnoDB: Creating foreign key constraint system tables
InnoDB: Foreign key constraint system tables created
150525 22:21:52  InnoDB: Waiting for the background threads to start
150525 22:21:53 InnoDB: 5.5.41 started; log sequence number 0
150525 22:21:53 [Note] Server hostname (bind-address): '127.0.0.1'; port: 3306
150525 22:21:53 [Note]   - '127.0.0.1' resolves to '127.0.0.1';
150525 22:21:53 [Note] Server socket created on IP: '127.0.0.1'.
150525 22:21:54 [Note] Event Scheduler: Loaded 0 events
150525 22:21:54 [Note] c:\openserver\modules\database\MySQL-5.5\bin\mysqld.exe: ready for connections.
Version: '5.5.41-log'  socket: ''  port: 3306  MySQL Community Server (GPL)
150525 22:23:38 [Note] c:\openserver\modules\database\MySQL-5.5\bin\mysqld.exe: Normal shutdown

150525 22:23:38 [Note] Event Scheduler: Purging the queue. 0 events
150525 22:23:38  InnoDB: Starting shutdown...
150525 22:23:38  InnoDB: Shutdown completed; log sequence number 1595675
150525 22:23:38 [Note] c:\openserver\modules\database\MySQL-5.5\bin\mysqld.exe: Shutdown complete

